<?xml version="1.0" encoding="UTF-8"?>
<!-- Generated by org.testng.reporters.JUnitXMLReporter -->
<testsuite ignored="8" hostname="hp" failures="0" tests="11" name="Test" time="80.263" errors="0" timestamp="2023-06-29T11:57:21 IST">
  <testcase classname="test.SpiritTest" name="selectProduct" time="2.629"/>
  <testcase classname="test.SpiritTest" name="SortByHighPrice" time="1.362"/>
  <testcase classname="test.SpiritTest" name="SortByAlphabates" time="1.214"/>
  <testcase classname="test.AddToCartTest" name="SelectItem" time="4.672"/>
  <testcase classname="test.AddToCartTest" name="VerifyAddtoCart" time="0.257"/>
  <testcase classname="test.AddToCartTest" name="SearchOnCartPage" time="0.055"/>
  <testcase classname="test.BeerTest" name="BeerSearchTest" time="7.371"/>
  <testcase classname="test.BeerTest" name="ApplyTest" time="2.131"/>
  <testcase classname="test.BeerTest" name="MainSearch" time="0.052"/>
  <testcase classname="test.SearchTest" name="verifyTitle" time="0.012"/>
  <testcase classname="test.SearchTest" name="searchProducts" time="0.029"/>
  <testcase classname="test.BaseTest" name="@AfterSuite tearDown" time="0.0">
    <ignored/>
  </testcase> <!-- @AfterSuite tearDown -->
  <testcase classname="test.BaseTest" name="@BeforeSuite initBrowser" time="0.0">
    <ignored/>
  </testcase> <!-- @BeforeSuite initBrowser -->
  <testcase classname="test.BaseTest" name="@AfterSuite tearDown" time="0.0">
    <ignored/>
  </testcase> <!-- @AfterSuite tearDown -->
  <testcase classname="test.BaseTest" name="@BeforeSuite initBrowser" time="0.0">
    <ignored/>
  </testcase> <!-- @BeforeSuite initBrowser -->
  <testcase classname="test.BaseTest" name="@BeforeSuite initBrowser" time="0.0">
    <ignored/>
  </testcase> <!-- @BeforeSuite initBrowser -->
  <testcase classname="test.BaseTest" name="@AfterSuite tearDown" time="0.0">
    <ignored/>
  </testcase> <!-- @AfterSuite tearDown -->
  <testcase classname="test.BaseTest" name="@AfterSuite tearDown" time="0.0">
    <ignored/>
  </testcase> <!-- @AfterSuite tearDown -->
  <testcase classname="test.BaseTest" name="@BeforeSuite initBrowser" time="0.0">
    <ignored/>
  </testcase> <!-- @BeforeSuite initBrowser -->
</testsuite> <!-- Test -->
