<?xml version="1.0" encoding="UTF-8"?>
<!-- Generated by org.testng.reporters.JUnitXMLReporter -->
<testsuite ignored="1" hostname="hp" failures="0" tests="1" name="Default test" time="10.998" errors="0" timestamp="2023-06-27T14:40:38 IST">
  <testcase classname="tusharpracticeset.WebElementMethodPerform" name="getAttribute" time="10.947"/>
  <testcase classname="tusharpracticeset.WebElementMethodPerform" name="isSelected" time="0.0">
    <ignored/>
  </testcase> <!-- isSelected -->
</testsuite> <!-- Default test -->
