<?xml version="1.0" encoding="UTF-8"?>
<testng-results ignored="0" total="2" passed="2" failed="0" skipped="0">
  <reporter-output>
  </reporter-output>
  <suite started-at="2023-06-30T09:26:14 IST" name="Default suite" finished-at="2023-06-30T09:26:18 IST" duration-ms="3574">
    <groups>
      <group name="cucumber">
        <method signature="AbstractTestNGCucumberTests.runScenario(io.cucumber.testng.PickleWrapper,io.cucumber.testng.FeatureWrapper)[pri:0, instance:runner.SignupRunner@606e4010]" name="runScenario" class="io.cucumber.testng.AbstractTestNGCucumberTests"/>
      </group> <!-- cucumber -->
    </groups>
    <test started-at="2023-06-30T09:26:14 IST" name="Default test" finished-at="2023-06-30T09:26:18 IST" duration-ms="3574">
      <class name="runner.SignupRunner">
        <test-method is-config="true" signature="setUpClass()[pri:0, instance:runner.SignupRunner@606e4010]" started-at="2023-06-30T09:26:15 IST" name="setUpClass" finished-at="2023-06-30T09:26:15 IST" duration-ms="514" status="PASS">
          <reporter-output>
          </reporter-output>
        </test-method> <!-- setUpClass -->
        <test-method signature="runScenario(io.cucumber.testng.PickleWrapper,io.cucumber.testng.FeatureWrapper)[pri:0, instance:runner.SignupRunner@606e4010]" started-at="2023-06-30T09:26:15 IST" name="runScenario" description="Runs Cucumber Scenarios" data-provider="scenarios" finished-at="2023-06-30T09:26:15 IST" duration-ms="169" status="PASS">
          <params>
            <param index="0">
              <value>
                <![CDATA["validate the signup"]]>
              </value>
            </param>
            <param index="1">
              <value>
                <![CDATA["Optional[signup page]"]]>
              </value>
            </param>
          </params>
          <reporter-output>
          </reporter-output>
        </test-method> <!-- runScenario -->
        <test-method signature="runScenario(io.cucumber.testng.PickleWrapper,io.cucumber.testng.FeatureWrapper)[pri:0, instance:runner.SignupRunner@606e4010]" started-at="2023-06-30T09:26:15 IST" name="runScenario" description="Runs Cucumber Scenarios" data-provider="scenarios" finished-at="2023-06-30T09:26:15 IST" duration-ms="46" status="PASS">
          <params>
            <param index="0">
              <value>
                <![CDATA["validate the log in to facebook"]]>
              </value>
            </param>
            <param index="1">
              <value>
                <![CDATA["Optional[signup page]"]]>
              </value>
            </param>
          </params>
          <reporter-output>
          </reporter-output>
        </test-method> <!-- runScenario -->
        <test-method is-config="true" signature="tearDownClass()[pri:0, instance:runner.SignupRunner@606e4010]" started-at="2023-06-30T09:26:15 IST" name="tearDownClass" finished-at="2023-06-30T09:26:18 IST" duration-ms="2775" status="PASS">
          <reporter-output>
          </reporter-output>
        </test-method> <!-- tearDownClass -->
      </class> <!-- runner.SignupRunner -->
    </test> <!-- Default test -->
  </suite> <!-- Default suite -->
</testng-results>
