<?xml version="1.0" encoding="UTF-8"?>
<testng-results ignored="1" total="2" passed="1" failed="0" skipped="0">
  <reporter-output>
  </reporter-output>
  <suite started-at="2023-06-27T14:40:27 IST" name="Default suite" finished-at="2023-06-27T14:40:38 IST" duration-ms="10998">
    <groups>
    </groups>
    <test started-at="2023-06-27T14:40:27 IST" name="Default test" finished-at="2023-06-27T14:40:38 IST" duration-ms="10998">
      <class name="tusharpracticeset.WebElementMethodPerform">
        <test-method signature="getAttribute()[pri:2, instance:tusharpracticeset.WebElementMethodPerform@7c711375]" started-at="2023-06-27T14:40:27 IST" name="getAttribute" finished-at="2023-06-27T14:40:38 IST" duration-ms="10947" status="PASS">
          <reporter-output>
          </reporter-output>
        </test-method> <!-- getAttribute -->
      </class> <!-- tusharpracticeset.WebElementMethodPerform -->
    </test> <!-- Default test -->
  </suite> <!-- Default suite -->
</testng-results>
